<?xml version="1.0" encoding="UTF-8"?>
<testng-results ignored="0" total="0" passed="0" failed="0" skipped="0">
  <reporter-output>
  </reporter-output>
  <suite started-at="2023-12-19T21:38:49 GMT" name="Default Suite" finished-at="2023-12-19T21:38:51 GMT" duration-ms="1566">
    <groups>
      <group name="cucumber">
        <method signature="AbstractTestNGCucumberTests.runScenario(io.cucumber.testng.PickleWrapper,io.cucumber.testng.FeatureWrapper)[pri:0, instance:com.tutorialsninja.demo.runner.RunCukeSmokeTest@5cee5251]" name="runScenario" class="io.cucumber.testng.AbstractTestNGCucumberTests"/>
      </group> <!-- cucumber -->
    </groups>
    <test started-at="2023-12-19T21:38:49 GMT" name="com-tutorialsninija-cucumber" finished-at="2023-12-19T21:38:51 GMT" duration-ms="1566">
      <class name="com.tutorialsninja.demo.runner.RunCukeSmokeTest">
        <test-method is-config="true" signature="setUpClass(org.testng.ITestContext)[pri:0, instance:com.tutorialsninja.demo.runner.RunCukeSmokeTest@5cee5251]" started-at="2023-12-19T21:38:49 GMT" name="setUpClass" finished-at="2023-12-19T21:38:50 GMT" duration-ms="991" status="PASS">
          <params>
            <param index="0">
              <value>
                <![CDATA[org.testng.TestRunner@77a2aa4a]]>
              </value>
            </param>
          </params>
          <reporter-output>
          </reporter-output>
        </test-method> <!-- setUpClass -->
        <test-method is-config="true" signature="tearDownClass()[pri:0, instance:com.tutorialsninja.demo.runner.RunCukeSmokeTest@5cee5251]" started-at="2023-12-19T21:38:50 GMT" name="tearDownClass" finished-at="2023-12-19T21:38:51 GMT" duration-ms="533" status="PASS">
          <reporter-output>
          </reporter-output>
        </test-method> <!-- tearDownClass -->
      </class> <!-- com.tutorialsninja.demo.runner.RunCukeSmokeTest -->
    </test> <!-- com-tutorialsninija-cucumber -->
  </suite> <!-- Default Suite -->
</testng-results>
